0 info it worked if it ends with ok
1 verbose cli [ '/home/johnbenson/.nvm/versions/node/v4.7.2/bin/node',
1 verbose cli   '/home/johnbenson/.nvm/versions/node/v4.7.2/bin/npm',
1 verbose cli   'run',
1 verbose cli   'test:watch' ]
2 info using npm@4.1.1
3 info using node@v4.7.2
4 verbose stack Error: missing script: test:watch
4 verbose stack     at run (/home/johnbenson/.nvm/versions/node/v4.7.2/lib/node_modules/npm/lib/run-script.js:151:19)
4 verbose stack     at /home/johnbenson/.nvm/versions/node/v4.7.2/lib/node_modules/npm/lib/run-script.js:61:5
4 verbose stack     at /home/johnbenson/.nvm/versions/node/v4.7.2/lib/node_modules/npm/node_modules/read-package-json/read-json.js:356:5
4 verbose stack     at checkBinReferences_ (/home/johnbenson/.nvm/versions/node/v4.7.2/lib/node_modules/npm/node_modules/read-package-json/read-json.js:320:45)
4 verbose stack     at final (/home/johnbenson/.nvm/versions/node/v4.7.2/lib/node_modules/npm/node_modules/read-package-json/read-json.js:354:3)
4 verbose stack     at then (/home/johnbenson/.nvm/versions/node/v4.7.2/lib/node_modules/npm/node_modules/read-package-json/read-json.js:124:5)
4 verbose stack     at /home/johnbenson/.nvm/versions/node/v4.7.2/lib/node_modules/npm/node_modules/read-package-json/read-json.js:311:12
4 verbose stack     at /home/johnbenson/.nvm/versions/node/v4.7.2/lib/node_modules/npm/node_modules/graceful-fs/graceful-fs.js:78:16
4 verbose stack     at FSReqWrap.readFileAfterClose [as oncomplete] (fs.js:380:3)
5 verbose cwd /home/johnbenson/git/salesforce-resources-webpack-plugin
6 error Linux 4.4.0-75-generic
7 error argv "/home/johnbenson/.nvm/versions/node/v4.7.2/bin/node" "/home/johnbenson/.nvm/versions/node/v4.7.2/bin/npm" "run" "test:watch"
8 error node v4.7.2
9 error npm  v4.1.1
10 error missing script: test:watch
11 error If you need help, you may report this error at:
11 error     <https://github.com/npm/npm/issues>
12 verbose exit [ 1, true ]
